;  LST file generated by mikroListExporter - v.2.0 
; Date/Time: 14/05/2017 03:26:07
;----------------------------------------------

;Address Opcode 	ASM
0x0000	0x2813      	GOTO       19
_initPWM:
0x0003	0x1683      	BSF        STATUS, 5
0x0004	0x1303      	BCF        STATUS, 6
0x0005	0x1087      	BCF        TRISC1_bit, BitPos(TRISC1_bit+0)
0x0006	0x1107      	BCF        TRISC2_bit, BitPos(TRISC2_bit+0)
0x0007	0x30FF      	MOVLW      255
0x0008	0x0092      	MOVWF      PR2
0x0009	0x3006      	MOVLW      6
0x000A	0x1283      	BCF        STATUS, 5
0x000B	0x0092      	MOVWF      T2CON
0x000C	0x0195      	CLRF       CCPR1L
0x000D	0x300C      	MOVLW      12
0x000E	0x0097      	MOVWF      CCP1CON
0x000F	0x019B      	CLRF       CCPR2L
0x0010	0x300C      	MOVLW      12
0x0011	0x009D      	MOVWF      CCP2CON
L_end_initPWM:
0x0012	0x0008      	RETURN
; end of _initPWM
_main:
0x0013	0x2003      	CALL       _initPWM
0x0014	0x30D2      	MOVLW      210
0x0015	0x0095      	MOVWF      CCPR1L
0x0016	0x300A      	MOVLW      10
0x0017	0x009B      	MOVWF      CCPR2L
L_end_main:
0x0018	0x2818      	GOTO       $+0
; end of _main
Symbol List:
//** Routines locations **
//ADDRESS    SIZE    PROCEDURE
//----------------------------------------------
0x0003      [16]    _initPWM
0x0013       [6]    _main
//** Variables locations ** 
//ADDRESS    SIZE    VARIABLE
//----------------------------------------------
0x0000       [1]    INDF
0x0003       [1]    STATUS
0x0004       [1]    FSR
0x000A       [1]    PCLATH
0x0012       [1]    T2CON
0x0015       [1]    CCPR1L
0x0017       [1]    CCP1CON
0x001B       [1]    CCPR2L
0x001D       [1]    CCP2CON
0x0020       [2]    ___DoICPAddr
0x0070       [1]    R0
0x0071       [1]    R1
0x0072       [1]    R2
0x0073       [1]    R3
0x0074       [1]    R4
0x0075       [1]    R5
0x0076       [1]    R6
0x0077       [1]    R7
0x0078       [1]    R8
0x0079       [1]    R9
0x007A       [1]    R10
0x007B       [1]    R11
0x007C       [1]    R12
0x007D       [1]    R13
0x007E       [1]    R14
0x007F       [1]    R15
0x0087       [0]    TRISC1_bit
0x0087       [0]    TRISC2_bit
0x0092       [1]    PR2
